<?xml version="1.0" ?>
<coverage version="7.12.0" timestamp="1763946244207" lines-valid="685" lines-covered="260" line-rate="0.3796" branches-valid="136" branches-covered="6" branch-rate="0.04412" complexity="0">
	<!-- Generated by coverage.py: https://coverage.readthedocs.io/en/7.12.0 -->
	<!-- Based on https://raw.githubusercontent.com/cobertura/web/master/htdocs/xml/coverage-04.dtd -->
	<sources>
		<source>C:\credit-guardian</source>
	</sources>
	<packages>
		<package name="." line-rate="0.5221" branch-rate="0.1667" complexity="0">
			<classes>
				<class name="app.py" filename="app.py" complexity="0" line-rate="0.5221" branch-rate="0.1667">
					<methods/>
					<lines>
						<line number="1" hits="1"/>
						<line number="2" hits="1"/>
						<line number="3" hits="1"/>
						<line number="4" hits="1"/>
						<line number="5" hits="1"/>
						<line number="6" hits="1"/>
						<line number="7" hits="1"/>
						<line number="8" hits="1"/>
						<line number="9" hits="1"/>
						<line number="10" hits="1"/>
						<line number="11" hits="1"/>
						<line number="12" hits="1"/>
						<line number="14" hits="1"/>
						<line number="17" hits="1"/>
						<line number="26" hits="1"/>
						<line number="27" hits="1" branch="true" condition-coverage="50% (1/2)" missing-branches="28"/>
						<line number="28" hits="0"/>
						<line number="30" hits="1"/>
						<line number="33" hits="1"/>
						<line number="34" hits="1"/>
						<line number="35" hits="1"/>
						<line number="36" hits="1"/>
						<line number="37" hits="1"/>
						<line number="40" hits="1"/>
						<line number="41" hits="1"/>
						<line number="42" hits="1"/>
						<line number="43" hits="1"/>
						<line number="44" hits="1"/>
						<line number="45" hits="1"/>
						<line number="47" hits="1"/>
						<line number="48" hits="1"/>
						<line number="49" hits="1"/>
						<line number="52" hits="1"/>
						<line number="53" hits="1"/>
						<line number="54" hits="0"/>
						<line number="60" hits="0"/>
						<line number="63" hits="1"/>
						<line number="64" hits="1"/>
						<line number="65" hits="0"/>
						<line number="74" hits="0"/>
						<line number="77" hits="1"/>
						<line number="78" hits="1"/>
						<line number="79" hits="0"/>
						<line number="80" hits="0" branch="true" condition-coverage="0% (0/2)" missing-branches="81,84"/>
						<line number="81" hits="0"/>
						<line number="84" hits="0"/>
						<line number="85" hits="0" branch="true" condition-coverage="0% (0/2)" missing-branches="86,92"/>
						<line number="86" hits="0"/>
						<line number="87" hits="0"/>
						<line number="88" hits="0"/>
						<line number="89" hits="0"/>
						<line number="90" hits="0"/>
						<line number="92" hits="0"/>
						<line number="93" hits="0"/>
						<line number="94" hits="0"/>
						<line number="95" hits="0"/>
						<line number="96" hits="0"/>
						<line number="97" hits="0"/>
						<line number="98" hits="0" branch="true" condition-coverage="0% (0/2)" missing-branches="99,100"/>
						<line number="99" hits="0"/>
						<line number="100" hits="0"/>
						<line number="102" hits="0"/>
						<line number="105" hits="1"/>
						<line number="106" hits="1"/>
						<line number="107" hits="1"/>
						<line number="108" hits="1" branch="true" condition-coverage="50% (1/2)" missing-branches="109"/>
						<line number="109" hits="0"/>
						<line number="110" hits="1"/>
						<line number="111" hits="1"/>
						<line number="112" hits="1"/>
						<line number="113" hits="1"/>
						<line number="114" hits="1"/>
						<line number="115" hits="1"/>
						<line number="116" hits="1"/>
						<line number="118" hits="1"/>
						<line number="121" hits="1"/>
						<line number="122" hits="1"/>
						<line number="123" hits="0"/>
						<line number="124" hits="0"/>
						<line number="125" hits="0" branch="true" condition-coverage="0% (0/2)" missing-branches="126,128"/>
						<line number="126" hits="0"/>
						<line number="127" hits="0"/>
						<line number="128" hits="0"/>
						<line number="129" hits="0"/>
						<line number="130" hits="0"/>
						<line number="131" hits="0"/>
						<line number="162" hits="0"/>
						<line number="163" hits="0"/>
						<line number="166" hits="1"/>
						<line number="167" hits="1"/>
						<line number="168" hits="0"/>
						<line number="169" hits="0"/>
						<line number="170" hits="0"/>
						<line number="171" hits="0"/>
						<line number="172" hits="0"/>
						<line number="173" hits="0"/>
						<line number="174" hits="0"/>
						<line number="175" hits="0"/>
						<line number="184" hits="1"/>
						<line number="185" hits="1"/>
						<line number="186" hits="0"/>
						<line number="189" hits="1"/>
						<line number="190" hits="1"/>
						<line number="192" hits="0"/>
						<line number="195" hits="1"/>
						<line number="196" hits="1"/>
						<line number="198" hits="0"/>
						<line number="199" hits="0"/>
						<line number="200" hits="0"/>
						<line number="201" hits="0"/>
						<line number="202" hits="0"/>
						<line number="203" hits="0"/>
						<line number="204" hits="0"/>
					</lines>
				</class>
			</classes>
		</package>
		<package name="ai_agent" line-rate="0.47" branch-rate="0.2143" complexity="0">
			<classes>
				<class name="__init__.py" filename="ai_agent/__init__.py" complexity="0" line-rate="1" branch-rate="1">
					<methods/>
					<lines/>
				</class>
				<class name="agent_executor.py" filename="ai_agent/agent_executor.py" complexity="0" line-rate="1" branch-rate="1">
					<methods/>
					<lines>
						<line number="1" hits="1"/>
						<line number="2" hits="1"/>
						<line number="3" hits="1"/>
						<line number="4" hits="1"/>
						<line number="6" hits="1"/>
						<line number="7" hits="1"/>
						<line number="8" hits="1"/>
						<line number="10" hits="1"/>
						<line number="11" hits="1"/>
						<line number="12" hits="1"/>
						<line number="13" hits="1"/>
						<line number="14" hits="1"/>
					</lines>
				</class>
				<class name="llm_client.py" filename="ai_agent/llm_client.py" complexity="0" line-rate="0.6071" branch-rate="0.5">
					<methods/>
					<lines>
						<line number="1" hits="1"/>
						<line number="2" hits="1"/>
						<line number="3" hits="1"/>
						<line number="5" hits="1"/>
						<line number="6" hits="1"/>
						<line number="10" hits="1"/>
						<line number="17" hits="1"/>
						<line number="18" hits="1"/>
						<line number="19" hits="1"/>
						<line number="20" hits="1"/>
						<line number="21" hits="1"/>
						<line number="23" hits="1"/>
						<line number="24" hits="1" branch="true" condition-coverage="50% (1/2)" missing-branches="34"/>
						<line number="25" hits="1"/>
						<line number="34" hits="0"/>
						<line number="38" hits="0"/>
						<line number="44" hits="0"/>
						<line number="45" hits="0"/>
						<line number="46" hits="0"/>
						<line number="47" hits="0"/>
						<line number="48" hits="0"/>
						<line number="50" hits="1"/>
						<line number="51" hits="1" branch="true" condition-coverage="50% (1/2)" missing-branches="53"/>
						<line number="52" hits="1"/>
						<line number="53" hits="0"/>
						<line number="54" hits="0"/>
						<line number="55" hits="0"/>
						<line number="60" hits="0"/>
					</lines>
				</class>
				<class name="pdf_processor.py" filename="ai_agent/pdf_processor.py" complexity="0" line-rate="0.4737" branch-rate="0.1">
					<methods/>
					<lines>
						<line number="1" hits="1"/>
						<line number="2" hits="1"/>
						<line number="3" hits="1"/>
						<line number="4" hits="1"/>
						<line number="5" hits="1"/>
						<line number="6" hits="0"/>
						<line number="11" hits="1"/>
						<line number="12" hits="1"/>
						<line number="13" hits="1"/>
						<line number="14" hits="1"/>
						<line number="15" hits="1"/>
						<line number="16" hits="1"/>
						<line number="17" hits="1"/>
						<line number="18" hits="0" branch="true" condition-coverage="0% (0/2)" missing-branches="19,23"/>
						<line number="19" hits="0"/>
						<line number="20" hits="0"/>
						<line number="21" hits="1"/>
						<line number="22" hits="1"/>
						<line number="23" hits="1" branch="true" condition-coverage="50% (1/2)" missing-branches="24"/>
						<line number="24" hits="0"/>
						<line number="25" hits="0"/>
						<line number="26" hits="0" branch="true" condition-coverage="0% (0/2)" missing-branches="27,30"/>
						<line number="27" hits="0"/>
						<line number="28" hits="0"/>
						<line number="29" hits="0"/>
						<line number="30" hits="1"/>
						<line number="32" hits="1"/>
						<line number="33" hits="1"/>
						<line number="34" hits="0"/>
						<line number="39" hits="0"/>
						<line number="40" hits="0" branch="true" condition-coverage="0% (0/2)" missing-branches="41,47"/>
						<line number="41" hits="0"/>
						<line number="42" hits="0" branch="true" condition-coverage="0% (0/2)" missing-branches="40,43"/>
						<line number="43" hits="0"/>
						<line number="44" hits="0"/>
						<line number="45" hits="0"/>
						<line number="46" hits="0"/>
						<line number="47" hits="0"/>
					</lines>
				</class>
				<class name="tracing.py" filename="ai_agent/tracing.py" complexity="0" line-rate="0" branch-rate="1">
					<methods/>
					<lines>
						<line number="1" hits="0"/>
						<line number="2" hits="0"/>
						<line number="3" hits="0"/>
						<line number="5" hits="0"/>
						<line number="8" hits="0"/>
						<line number="9" hits="0"/>
						<line number="10" hits="0"/>
						<line number="11" hits="0"/>
						<line number="12" hits="0"/>
						<line number="13" hits="0"/>
						<line number="14" hits="0"/>
						<line number="15" hits="0"/>
						<line number="16" hits="0"/>
						<line number="17" hits="0"/>
						<line number="18" hits="0"/>
						<line number="19" hits="0"/>
						<line number="20" hits="0"/>
						<line number="25" hits="0"/>
						<line number="26" hits="0"/>
						<line number="27" hits="0"/>
						<line number="30" hits="0"/>
						<line number="31" hits="0"/>
					</lines>
				</class>
			</classes>
		</package>
		<package name="analyzers" line-rate="0.1991" branch-rate="0" complexity="0">
			<classes>
				<class name="__init__.py" filename="analyzers/__init__.py" complexity="0" line-rate="1" branch-rate="1">
					<methods/>
					<lines/>
				</class>
				<class name="clause_detector.py" filename="analyzers/clause_detector.py" complexity="0" line-rate="0.2333" branch-rate="0">
					<methods/>
					<lines>
						<line number="1" hits="1"/>
						<line number="2" hits="1"/>
						<line number="3" hits="1"/>
						<line number="5" hits="1"/>
						<line number="8" hits="1"/>
						<line number="9" hits="1"/>
						<line number="11" hits="1"/>
						<line number="14" hits="1"/>
						<line number="51" hits="1"/>
						<line number="53" hits="1"/>
						<line number="56" hits="0"/>
						<line number="58" hits="0" branch="true" condition-coverage="0% (0/2)" missing-branches="59,74"/>
						<line number="59" hits="0"/>
						<line number="61" hits="0" branch="true" condition-coverage="0% (0/2)" missing-branches="58,62"/>
						<line number="62" hits="0" branch="true" condition-coverage="0% (0/2)" missing-branches="58,63"/>
						<line number="63" hits="0"/>
						<line number="72" hits="0"/>
						<line number="74" hits="0"/>
						<line number="76" hits="1"/>
						<line number="79" hits="0"/>
						<line number="80" hits="0"/>
						<line number="82" hits="0" branch="true" condition-coverage="0% (0/2)" missing-branches="83,107"/>
						<line number="83" hits="0"/>
						<line number="85" hits="0" branch="true" condition-coverage="0% (0/2)" missing-branches="82,86"/>
						<line number="86" hits="0"/>
						<line number="87" hits="0"/>
						<line number="89" hits="0"/>
						<line number="90" hits="0"/>
						<line number="91" hits="0"/>
						<line number="93" hits="0"/>
						<line number="94" hits="0"/>
						<line number="95" hits="0" branch="true" condition-coverage="0% (0/2)" missing-branches="96,98"/>
						<line number="96" hits="0"/>
						<line number="98" hits="0"/>
						<line number="100" hits="0"/>
						<line number="107" hits="0"/>
						<line number="109" hits="1"/>
						<line number="112" hits="0"/>
						<line number="119" hits="0" branch="true" condition-coverage="0% (0/2)" missing-branches="120,123"/>
						<line number="120" hits="0"/>
						<line number="121" hits="0"/>
						<line number="123" hits="0"/>
						<line number="130" hits="0" branch="true" condition-coverage="0% (0/2)" missing-branches="131,132"/>
						<line number="131" hits="0"/>
						<line number="132" hits="0" branch="true" condition-coverage="0% (0/2)" missing-branches="133,134"/>
						<line number="133" hits="0"/>
						<line number="134" hits="0" branch="true" condition-coverage="0% (0/2)" missing-branches="135,137"/>
						<line number="135" hits="0"/>
						<line number="137" hits="0"/>
						<line number="139" hits="0"/>
						<line number="147" hits="1"/>
						<line number="150" hits="0"/>
						<line number="166" hits="0"/>
						<line number="168" hits="1"/>
						<line number="171" hits="0"/>
						<line number="173" hits="0"/>
						<line number="190" hits="0" branch="true" condition-coverage="0% (0/2)" missing-branches="191,202"/>
						<line number="191" hits="0"/>
						<line number="202" hits="0"/>
						<line number="212" hits="0"/>
					</lines>
				</class>
				<class name="contract_analyzer.py" filename="analyzers/contract_analyzer.py" complexity="0" line-rate="0.202" branch-rate="0">
					<methods/>
					<lines>
						<line number="1" hits="1"/>
						<line number="2" hits="1"/>
						<line number="3" hits="1"/>
						<line number="5" hits="1"/>
						<line number="8" hits="1"/>
						<line number="9" hits="1"/>
						<line number="10" hits="1"/>
						<line number="12" hits="1"/>
						<line number="13" hits="1"/>
						<line number="15" hits="1"/>
						<line number="17" hits="0"/>
						<line number="18" hits="0"/>
						<line number="20" hits="0"/>
						<line number="21" hits="0"/>
						<line number="22" hits="0"/>
						<line number="23" hits="0"/>
						<line number="24" hits="0"/>
						<line number="25" hits="0"/>
						<line number="26" hits="0"/>
						<line number="28" hits="0"/>
						<line number="29" hits="0" branch="true" condition-coverage="0% (0/2)" missing-branches="30,40"/>
						<line number="30" hits="0"/>
						<line number="40" hits="0"/>
						<line number="41" hits="0"/>
						<line number="43" hits="0"/>
						<line number="45" hits="0"/>
						<line number="60" hits="1"/>
						<line number="62" hits="0"/>
						<line number="63" hits="0"/>
						<line number="65" hits="1"/>
						<line number="67" hits="0"/>
						<line number="69" hits="1"/>
						<line number="71" hits="0"/>
						<line number="72" hits="0" branch="true" condition-coverage="0% (0/2)" missing-branches="73,75"/>
						<line number="73" hits="0"/>
						<line number="75" hits="0"/>
						<line number="76" hits="0"/>
						<line number="78" hits="1"/>
						<line number="80" hits="0"/>
						<line number="81" hits="0"/>
						<line number="82" hits="0" branch="true" condition-coverage="0% (0/2)" missing-branches="83,84"/>
						<line number="83" hits="0"/>
						<line number="84" hits="0"/>
						<line number="85" hits="0"/>
						<line number="87" hits="1"/>
						<line number="89" hits="0"/>
						<line number="90" hits="0"/>
						<line number="91" hits="0"/>
						<line number="92" hits="0" branch="true" condition-coverage="0% (0/2)" missing-branches="93,94"/>
						<line number="93" hits="0"/>
						<line number="94" hits="0" branch="true" condition-coverage="0% (0/2)" missing-branches="95,97"/>
						<line number="95" hits="0"/>
						<line number="96" hits="0"/>
						<line number="97" hits="0"/>
						<line number="99" hits="1"/>
						<line number="101" hits="0"/>
						<line number="102" hits="0" branch="true" condition-coverage="0% (0/2)" missing-branches="103,104"/>
						<line number="103" hits="0"/>
						<line number="104" hits="0"/>
						<line number="105" hits="0" branch="true" condition-coverage="0% (0/2)" missing-branches="106,107"/>
						<line number="106" hits="0"/>
						<line number="107" hits="0"/>
						<line number="109" hits="1"/>
						<line number="111" hits="0"/>
						<line number="112" hits="0" branch="true" condition-coverage="0% (0/2)" missing-branches="113,114"/>
						<line number="113" hits="0"/>
						<line number="114" hits="0"/>
						<line number="116" hits="1"/>
						<line number="118" hits="0"/>
						<line number="119" hits="0"/>
						<line number="123" hits="0" branch="true" condition-coverage="0% (0/2)" missing-branches="124,128"/>
						<line number="124" hits="0" branch="true" condition-coverage="0% (0/2)" missing-branches="123,125"/>
						<line number="125" hits="0"/>
						<line number="126" hits="0"/>
						<line number="127" hits="0"/>
						<line number="128" hits="0"/>
						<line number="130" hits="1"/>
						<line number="132" hits="0"/>
						<line number="133" hits="0"/>
						<line number="134" hits="0" branch="true" condition-coverage="0% (0/2)" missing-branches="135,141"/>
						<line number="135" hits="0" branch="true" condition-coverage="0% (0/2)" missing-branches="134,136"/>
						<line number="136" hits="0"/>
						<line number="141" hits="0"/>
						<line number="143" hits="1"/>
						<line number="145" hits="0"/>
						<line number="146" hits="0" branch="true" condition-coverage="0% (0/2)" missing-branches="147,148"/>
						<line number="147" hits="0"/>
						<line number="148" hits="0" branch="true" condition-coverage="0% (0/2)" missing-branches="149,150"/>
						<line number="149" hits="0"/>
						<line number="150" hits="0" branch="true" condition-coverage="0% (0/2)" missing-branches="151,153"/>
						<line number="151" hits="0"/>
						<line number="152" hits="0"/>
						<line number="153" hits="0" branch="true" condition-coverage="0% (0/2)" missing-branches="154,155"/>
						<line number="154" hits="0"/>
						<line number="155" hits="0" branch="true" condition-coverage="0% (0/2)" missing-branches="156,157"/>
						<line number="156" hits="0"/>
						<line number="157" hits="0" branch="true" condition-coverage="0% (0/2)" missing-branches="158,159"/>
						<line number="158" hits="0"/>
						<line number="159" hits="0"/>
					</lines>
				</class>
				<class name="gpr_calculator.py" filename="analyzers/gpr_calculator.py" complexity="0" line-rate="0.1613" branch-rate="0">
					<methods/>
					<lines>
						<line number="1" hits="1"/>
						<line number="2" hits="1"/>
						<line number="4" hits="1"/>
						<line number="10" hits="1"/>
						<line number="20" hits="0"/>
						<line number="21" hits="0"/>
						<line number="23" hits="0"/>
						<line number="27" hits="0"/>
						<line number="33" hits="0"/>
						<line number="40" hits="0"/>
						<line number="51" hits="1"/>
						<line number="53" hits="0" branch="true" condition-coverage="0% (0/2)" missing-branches="54,56"/>
						<line number="54" hits="0"/>
						<line number="56" hits="0"/>
						<line number="57" hits="0"/>
						<line number="59" hits="1"/>
						<line number="65" hits="0"/>
						<line number="67" hits="0"/>
						<line number="69" hits="0" branch="true" condition-coverage="0% (0/2)" missing-branches="70,74"/>
						<line number="70" hits="0"/>
						<line number="71" hits="0"/>
						<line number="72" hits="0"/>
						<line number="74" hits="0"/>
						<line number="76" hits="0"/>
						<line number="78" hits="0"/>
						<line number="79" hits="0" branch="true" condition-coverage="0% (0/2)" missing-branches="80,84"/>
						<line number="80" hits="0"/>
						<line number="81" hits="0"/>
						<line number="82" hits="0"/>
						<line number="84" hits="0"/>
						<line number="86" hits="0"/>
						<line number="88" hits="0" branch="true" condition-coverage="0% (0/2)" missing-branches="89,103"/>
						<line number="89" hits="0"/>
						<line number="91" hits="0" branch="true" condition-coverage="0% (0/2)" missing-branches="92,94"/>
						<line number="92" hits="0"/>
						<line number="94" hits="0"/>
						<line number="95" hits="0" branch="true" condition-coverage="0% (0/2)" missing-branches="96,98"/>
						<line number="96" hits="0"/>
						<line number="98" hits="0"/>
						<line number="100" hits="0" branch="true" condition-coverage="0% (0/2)" missing-branches="88,101"/>
						<line number="101" hits="0"/>
						<line number="103" hits="0"/>
						<line number="105" hits="1"/>
						<line number="107" hits="0"/>
						<line number="109" hits="0"/>
						<line number="110" hits="0" branch="true" condition-coverage="0% (0/2)" missing-branches="111,116"/>
						<line number="111" hits="0"/>
						<line number="116" hits="0"/>
						<line number="118" hits="1"/>
						<line number="120" hits="0"/>
						<line number="128" hits="1"/>
						<line number="134" hits="0"/>
						<line number="142" hits="0"/>
						<line number="143" hits="0"/>
						<line number="145" hits="0"/>
						<line number="155" hits="1"/>
						<line number="164" hits="0"/>
						<line number="166" hits="0"/>
						<line number="167" hits="0"/>
						<line number="169" hits="0"/>
						<line number="170" hits="0"/>
						<line number="172" hits="0"/>
					</lines>
				</class>
			</classes>
		</package>
		<package name="database" line-rate="0.6934" branch-rate="0" complexity="0">
			<classes>
				<class name="__init__.py" filename="database/__init__.py" complexity="0" line-rate="1" branch-rate="1">
					<methods/>
					<lines/>
				</class>
				<class name="init_db.py" filename="database/init_db.py" complexity="0" line-rate="0" branch-rate="1">
					<methods/>
					<lines>
						<line number="1" hits="0"/>
					</lines>
				</class>
				<class name="models.py" filename="database/models.py" complexity="0" line-rate="0.8796" branch-rate="0">
					<methods/>
					<lines>
						<line number="1" hits="1"/>
						<line number="2" hits="1"/>
						<line number="3" hits="1"/>
						<line number="4" hits="1"/>
						<line number="6" hits="1"/>
						<line number="10" hits="1"/>
						<line number="13" hits="1"/>
						<line number="16" hits="1"/>
						<line number="17" hits="1"/>
						<line number="18" hits="1"/>
						<line number="19" hits="1"/>
						<line number="22" hits="1"/>
						<line number="23" hits="1"/>
						<line number="24" hits="1"/>
						<line number="27" hits="1"/>
						<line number="28" hits="1"/>
						<line number="29" hits="1"/>
						<line number="34" hits="1"/>
						<line number="35" hits="1"/>
						<line number="36" hits="1"/>
						<line number="37" hits="1"/>
						<line number="38" hits="1"/>
						<line number="39" hits="1"/>
						<line number="40" hits="1"/>
						<line number="41" hits="1"/>
						<line number="42" hits="1"/>
						<line number="44" hits="1"/>
						<line number="45" hits="1"/>
						<line number="46" hits="1"/>
						<line number="47" hits="1"/>
						<line number="49" hits="1"/>
						<line number="51" hits="0"/>
						<line number="52" hits="0" branch="true" condition-coverage="0% (0/2)" missing-branches="53,59"/>
						<line number="53" hits="0" branch="true" condition-coverage="0% (0/2)" missing-branches="54,55"/>
						<line number="54" hits="0"/>
						<line number="55" hits="0" branch="true" condition-coverage="0% (0/2)" missing-branches="56,57"/>
						<line number="56" hits="0"/>
						<line number="57" hits="0" branch="true" condition-coverage="0% (0/2)" missing-branches="52,58"/>
						<line number="58" hits="0"/>
						<line number="59" hits="0"/>
						<line number="60" hits="0"/>
						<line number="61" hits="0"/>
						<line number="64" hits="1"/>
						<line number="65" hits="1"/>
						<line number="66" hits="1"/>
						<line number="71" hits="1"/>
						<line number="72" hits="1"/>
						<line number="73" hits="1"/>
						<line number="74" hits="1"/>
						<line number="75" hits="1"/>
						<line number="76" hits="1"/>
						<line number="77" hits="1"/>
						<line number="78" hits="1"/>
						<line number="79" hits="1"/>
						<line number="80" hits="1"/>
						<line number="81" hits="1"/>
						<line number="82" hits="1"/>
						<line number="84" hits="1"/>
						<line number="87" hits="1"/>
						<line number="88" hits="1"/>
						<line number="89" hits="1"/>
						<line number="93" hits="1"/>
						<line number="94" hits="1"/>
						<line number="95" hits="1"/>
						<line number="96" hits="1"/>
						<line number="97" hits="1"/>
						<line number="98" hits="1"/>
						<line number="99" hits="1"/>
						<line number="100" hits="1"/>
						<line number="102" hits="1"/>
						<line number="105" hits="1"/>
						<line number="106" hits="1"/>
						<line number="107" hits="1"/>
						<line number="112" hits="1"/>
						<line number="113" hits="1"/>
						<line number="114" hits="1"/>
						<line number="115" hits="1"/>
						<line number="116" hits="1"/>
						<line number="117" hits="1"/>
						<line number="118" hits="1"/>
						<line number="119" hits="1"/>
						<line number="120" hits="1"/>
						<line number="121" hits="1"/>
						<line number="122" hits="1"/>
						<line number="123" hits="1"/>
						<line number="124" hits="1"/>
						<line number="126" hits="1"/>
						<line number="129" hits="1"/>
						<line number="130" hits="1"/>
						<line number="131" hits="1"/>
						<line number="135" hits="1"/>
						<line number="136" hits="1"/>
						<line number="137" hits="1"/>
						<line number="138" hits="1"/>
						<line number="139" hits="1"/>
						<line number="140" hits="1"/>
						<line number="141" hits="1"/>
						<line number="142" hits="1"/>
						<line number="143" hits="1"/>
						<line number="144" hits="1"/>
						<line number="145" hits="1"/>
						<line number="146" hits="1"/>
						<line number="147" hits="1"/>
						<line number="149" hits="1"/>
						<line number="152" hits="1"/>
						<line number="154" hits="0"/>
						<line number="157" hits="1"/>
						<line number="158" hits="0"/>
					</lines>
				</class>
				<class name="seed_db.py" filename="database/seed_db.py" complexity="0" line-rate="0" branch-rate="0">
					<methods/>
					<lines>
						<line number="11" hits="0"/>
						<line number="12" hits="0"/>
						<line number="14" hits="0"/>
						<line number="19" hits="0"/>
						<line number="24" hits="0"/>
						<line number="29" hits="0"/>
						<line number="30" hits="0"/>
						<line number="31" hits="0"/>
						<line number="32" hits="0"/>
						<line number="33" hits="0" branch="true" condition-coverage="0% (0/2)" missing-branches="34,37"/>
						<line number="34" hits="0"/>
						<line number="35" hits="0"/>
						<line number="36" hits="0"/>
						<line number="37" hits="0"/>
						<line number="39" hits="0" branch="true" condition-coverage="0% (0/2)" missing-branches="40,44"/>
						<line number="40" hits="0"/>
						<line number="42" hits="0"/>
						<line number="44" hits="0" branch="true" condition-coverage="0% (0/2)" missing-branches="45,48"/>
						<line number="45" hits="0"/>
						<line number="46" hits="0"/>
						<line number="48" hits="0" branch="true" condition-coverage="0% (0/2)" missing-branches="49,51"/>
						<line number="49" hits="0"/>
						<line number="51" hits="0"/>
						<line number="52" hits="0"/>
						<line number="53" hits="0"/>
						<line number="54" hits="0"/>
						<line number="55" hits="0"/>
						<line number="57" hits="0"/>
					</lines>
				</class>
			</classes>
		</package>
		<package name="scrapers" line-rate="1" branch-rate="1" complexity="0">
			<classes>
				<class name="__init__.py" filename="scrapers/__init__.py" complexity="0" line-rate="1" branch-rate="1">
					<methods/>
					<lines/>
				</class>
			</classes>
		</package>
		<package name="templates" line-rate="1" branch-rate="1" complexity="0">
			<classes>
				<class name="__init__.py" filename="templates/__init__.py" complexity="0" line-rate="1" branch-rate="1">
					<methods/>
					<lines/>
				</class>
			</classes>
		</package>
		<package name="utils" line-rate="0.1316" branch-rate="0.05" complexity="0">
			<classes>
				<class name="__init__.py" filename="utils/__init__.py" complexity="0" line-rate="1" branch-rate="1">
					<methods/>
					<lines/>
				</class>
				<class name="export_all.py" filename="utils/export_all.py" complexity="0" line-rate="0" branch-rate="1">
					<methods/>
					<lines>
						<line number="2" hits="0"/>
						<line number="3" hits="0"/>
						<line number="4" hits="0"/>
						<line number="6" hits="0"/>
						<line number="8" hits="0"/>
						<line number="9" hits="0"/>
						<line number="10" hits="0"/>
						<line number="11" hits="0"/>
						<line number="12" hits="0"/>
						<line number="26" hits="0"/>
						<line number="39" hits="0"/>
						<line number="49" hits="0"/>
						<line number="60" hits="0"/>
						<line number="73" hits="0"/>
						<line number="74" hits="0"/>
						<line number="75" hits="0"/>
						<line number="77" hits="0"/>
					</lines>
				</class>
				<class name="helpers.py" filename="utils/helpers.py" complexity="0" line-rate="0" branch-rate="0">
					<methods/>
					<lines>
						<line number="1" hits="0"/>
						<line number="2" hits="0"/>
						<line number="4" hits="0"/>
						<line number="6" hits="0"/>
						<line number="8" hits="0"/>
						<line number="10" hits="0"/>
						<line number="11" hits="0" branch="true" condition-coverage="0% (0/2)" missing-branches="12,16"/>
						<line number="12" hits="0"/>
						<line number="13" hits="0"/>
						<line number="14" hits="0"/>
						<line number="15" hits="0"/>
						<line number="16" hits="0"/>
						<line number="18" hits="0"/>
						<line number="20" hits="0"/>
						<line number="21" hits="0" branch="true" condition-coverage="0% (0/2)" missing-branches="22,26"/>
						<line number="22" hits="0"/>
						<line number="23" hits="0"/>
						<line number="24" hits="0"/>
						<line number="25" hits="0"/>
						<line number="26" hits="0"/>
					</lines>
				</class>
				<class name="legal_texts.py" filename="utils/legal_texts.py" complexity="0" line-rate="0" branch-rate="1">
					<methods/>
					<lines>
						<line number="4" hits="0"/>
						<line number="14" hits="0"/>
					</lines>
				</class>
				<class name="report_generator.py" filename="utils/report_generator.py" complexity="0" line-rate="0" branch-rate="0">
					<methods/>
					<lines>
						<line number="1" hits="0"/>
						<line number="2" hits="0"/>
						<line number="4" hits="0"/>
						<line number="7" hits="0"/>
						<line number="9" hits="0"/>
						<line number="10" hits="0"/>
						<line number="11" hits="0" branch="true" condition-coverage="0% (0/2)" missing-branches="12,15"/>
						<line number="12" hits="0"/>
						<line number="13" hits="0"/>
						<line number="15" hits="0"/>
						<line number="16" hits="0"/>
						<line number="17" hits="0"/>
						<line number="19" hits="0"/>
						<line number="20" hits="0"/>
						<line number="21" hits="0"/>
						<line number="22" hits="0"/>
						<line number="23" hits="0"/>
						<line number="24" hits="0"/>
						<line number="26" hits="0" branch="true" condition-coverage="0% (0/2)" missing-branches="27,29"/>
						<line number="27" hits="0"/>
						<line number="29" hits="0"/>
						<line number="30" hits="0" branch="true" condition-coverage="0% (0/2)" missing-branches="31,33"/>
						<line number="31" hits="0"/>
						<line number="33" hits="0"/>
						<line number="34" hits="0" branch="true" condition-coverage="0% (0/2)" missing-branches="35,37"/>
						<line number="35" hits="0"/>
						<line number="37" hits="0"/>
						<line number="38" hits="0" branch="true" condition-coverage="0% (0/2)" missing-branches="39,41"/>
						<line number="39" hits="0"/>
						<line number="41" hits="0"/>
						<line number="42" hits="0"/>
						<line number="44" hits="0"/>
						<line number="46" hits="0"/>
						<line number="47" hits="0"/>
						<line number="48" hits="0"/>
						<line number="49" hits="0"/>
						<line number="50" hits="0"/>
						<line number="51" hits="0"/>
						<line number="53" hits="0"/>
						<line number="62" hits="0"/>
						<line number="63" hits="0"/>
					</lines>
				</class>
				<class name="s3_storage.py" filename="utils/s3_storage.py" complexity="0" line-rate="0.4412" branch-rate="0.1667">
					<methods/>
					<lines>
						<line number="1" hits="1"/>
						<line number="2" hits="1"/>
						<line number="3" hits="1"/>
						<line number="4" hits="1"/>
						<line number="5" hits="1"/>
						<line number="7" hits="1"/>
						<line number="8" hits="1"/>
						<line number="9" hits="1"/>
						<line number="10" hits="1"/>
						<line number="12" hits="1"/>
						<line number="14" hits="1"/>
						<line number="16" hits="1" branch="true" condition-coverage="50% (1/2)" missing-branches="17"/>
						<line number="17" hits="0"/>
						<line number="23" hits="1"/>
						<line number="25" hits="1"/>
						<line number="27" hits="0" branch="true" condition-coverage="0% (0/2)" missing-branches="28,30"/>
						<line number="28" hits="0"/>
						<line number="30" hits="0"/>
						<line number="31" hits="0"/>
						<line number="32" hits="0"/>
						<line number="34" hits="0"/>
						<line number="35" hits="0"/>
						<line number="42" hits="0"/>
						<line number="43" hits="0"/>
						<line number="44" hits="0"/>
						<line number="45" hits="0"/>
						<line number="47" hits="1"/>
						<line number="49" hits="0" branch="true" condition-coverage="0% (0/2)" missing-branches="50,52"/>
						<line number="50" hits="0"/>
						<line number="52" hits="0"/>
						<line number="53" hits="0"/>
						<line number="54" hits="0"/>
						<line number="55" hits="0"/>
						<line number="56" hits="0"/>
					</lines>
				</class>
			</classes>
		</package>
	</packages>
</coverage>
